[19:34:29]: 

\        /   |    |          |
 \          /    |    |          |
  \        /     |    |          |
   \    /\    /      |    |          |
    \  /  \  /       |    |          |
     \/    \/    |    ------------   ------------
        
[19:34:29]: Debug value is True
[19:34:29]: Connecting to rtm socket
[19:34:29]: Starting flask server on localhost
[19:34:29]: In slack function in new thread
[19:34:30]: Connected to rtm socket
[19:34:31]: Who is hitler?
[19:34:31]: Checking local W.I.L.L server
[19:34:31]: Command is Who is hitler?
[19:34:31]: Analyzing content in command
[19:34:31]: Analyzed command content
[19:34:31]: Trying to load plugin modules
[19:34:31]: In plugin loader
[19:34:31]: plugindir is ['plugins', ['autoremote', 'execute', 'open', 'search', 'youtube'], []]
[19:34:31]: Plugin is autoremote
[19:34:31]: Loading plugin autoremote
[19:34:31]: plugin.json file path should be plugins/autoremote/plugin.json
[19:34:31]: Loaded plugin autoremote
[19:34:31]: Plugin is execute
[19:34:31]: Loading plugin execute
[19:34:31]: plugin.json file path should be plugins/execute/plugin.json
[19:34:31]: Loaded plugin execute
[19:34:31]: Plugin is open
[19:34:31]: Loading plugin open
[19:34:31]: plugin.json file path should be plugins/open/plugin.json
[19:34:31]: Loaded plugin open
[19:34:31]: Plugin is search
[19:34:31]: Loading plugin search
[19:34:31]: plugin.json file path should be plugins/search/plugin.json
[19:34:31]: Loaded plugin search
[19:34:31]: Plugin is youtube
[19:34:31]: Loading plugin youtube
[19:34:31]: plugin.json file path should be plugins/youtube/plugin.json
[19:34:31]: Loaded plugin youtube
[19:34:31]: Successfully loaded plugin modules
[19:34:31]: Using the intent module to parse the command
[19:34:31]: Analyzing word Who
[19:34:31]: Checking to see if the word is a plugin
[19:34:31]: Full plugin is {'autoremote': [{u'name': u'autoremote'}, {u'type': u'python'}, {u'file': u'autoremote.py'}, {u'function': u'main'}, {u'require': [u'command']}, {u'pos': u'verb'}, {u'returns': u'completion'}, {u'synonyms': []}, {u'questiontriggers': u'none'}, {u'firstword': u'no'}]}
[19:34:31]: Plugin name is autoremote
[19:34:31]: Plugin values are [{u'name': u'autoremote'}, {u'type': u'python'}, {u'file': u'autoremote.py'}, {u'function': u'main'}, {u'require': [u'command']}, {u'pos': u'verb'}, {u'returns': u'completion'}, {u'synonyms': []}, {u'questiontriggers': u'none'}, {u'firstword': u'no'}]
[19:34:31]: Checking dictionary {u'name': u'autoremote'}
[19:34:31]: Checking dictionary {u'type': u'python'}
[19:34:31]: Checking dictionary {u'file': u'autoremote.py'}
[19:34:31]: Checking dictionary {u'function': u'main'}
[19:34:31]: Checking dictionary {u'require': [u'command']}
[19:34:31]: Checking dictionary {u'pos': u'verb'}
[19:34:31]: Checking dictionary {u'returns': u'completion'}
[19:34:31]: Checking dictionary {u'synonyms': []}
[19:34:31]: Found synonyms dictionary
[19:34:31]: The command does not match the plugin name
[19:34:31]: Full plugin is {'execute': [{u'name': u'execute'}, {u'type': u'exec'}, {u'require': [u'command']}, {u'pos': u'verb'}, {u'returns': u'completion'}, {u'synonyms': []}, {u'questiontriggers': u'none'}, {u'firstword': u'no'}, {u'structure': u'command'}]}
[19:34:31]: Plugin name is execute
[19:34:31]: Plugin values are [{u'name': u'execute'}, {u'type': u'exec'}, {u'require': [u'command']}, {u'pos': u'verb'}, {u'returns': u'completion'}, {u'synonyms': []}, {u'questiontriggers': u'none'}, {u'firstword': u'no'}, {u'structure': u'command'}]
[19:34:31]: Checking dictionary {u'name': u'execute'}
[19:34:31]: Checking dictionary {u'type': u'exec'}
[19:34:31]: Checking dictionary {u'require': [u'command']}
[19:34:31]: Checking dictionary {u'pos': u'verb'}
[19:34:31]: Checking dictionary {u'returns': u'completion'}
[19:34:31]: Checking dictionary {u'synonyms': []}
[19:34:32]: Found synonyms dictionary
[19:34:32]: The command does not match the plugin name
[19:34:32]: Full plugin is {'open': [{u'name': u'open'}, {u'type': u'exec'}, {u'require': [u'command']}, {u'pos': u'verb'}, {u'returns': u'completion'}, {u'synonyms': []}, {u'questiontriggers': u'none'}, {u'firstword': u'no'}, {u'structure': u'xdg-open command'}]}
[19:34:32]: Plugin name is open
[19:34:32]: Plugin values are [{u'name': u'open'}, {u'type': u'exec'}, {u'require': [u'command']}, {u'pos': u'verb'}, {u'returns': u'completion'}, {u'synonyms': []}, {u'questiontriggers': u'none'}, {u'firstword': u'no'}, {u'structure': u'xdg-open command'}]
[19:34:32]: Checking dictionary {u'name': u'open'}
[19:34:32]: Checking dictionary {u'type': u'exec'}
[19:34:32]: Checking dictionary {u'require': [u'command']}
[19:34:32]: Checking dictionary {u'pos': u'verb'}
[19:34:32]: Checking dictionary {u'returns': u'completion'}
[19:34:32]: Checking dictionary {u'synonyms': []}
[19:34:32]: Found synonyms dictionary
[19:34:32]: The command does not match the plugin name
[19:34:32]: Full plugin is {'search': [{u'name': u'search'}, {u'type': u'python'}, {u'require': [u'command']}, {u'pos': u'verb'}, {u'file': u'search.py'}, {u'function': u'main'}, {u'returns': u'answer'}, {u'synonyms': [u'google']}, {u'questiontriggers': u'any'}, {u'firstword': u'yes'}]}
[19:34:32]: Plugin name is search
[19:34:32]: Plugin values are [{u'name': u'search'}, {u'type': u'python'}, {u'require': [u'command']}, {u'pos': u'verb'}, {u'file': u'search.py'}, {u'function': u'main'}, {u'returns': u'answer'}, {u'synonyms': [u'google']}, {u'questiontriggers': u'any'}, {u'firstword': u'yes'}]
[19:34:32]: Checking dictionary {u'name': u'search'}
[19:34:32]: Checking dictionary {u'type': u'python'}
[19:34:32]: Checking dictionary {u'require': [u'command']}
[19:34:32]: Checking dictionary {u'pos': u'verb'}
[19:34:32]: Checking dictionary {u'file': u'search.py'}
[19:34:32]: Checking dictionary {u'function': u'main'}
[19:34:32]: Checking dictionary {u'returns': u'answer'}
[19:34:32]: Checking dictionary {u'synonyms': [u'google']}
[19:34:32]: Found synonyms dictionary
[19:34:32]: Checking synonym google
[19:34:32]: The command does not match the plugin name
[19:34:32]: Full plugin is {'youtube': [{u'name': u'youtube'}, {u'type': u'python'}, {u'require': [u'command']}, {u'firstword': u'yes'}, {u'pos': u'verb'}, {u'file': u'youtube.py'}, {u'function': u'main'}, {u'returns': u'completion'}, {u'synonyms': []}, {u'questiontriggers': u'none'}]}
[19:34:32]: Plugin name is youtube
[19:34:32]: Plugin values are [{u'name': u'youtube'}, {u'type': u'python'}, {u'require': [u'command']}, {u'firstword': u'yes'}, {u'pos': u'verb'}, {u'file': u'youtube.py'}, {u'function': u'main'}, {u'returns': u'completion'}, {u'synonyms': []}, {u'questiontriggers': u'none'}]
[19:34:32]: Checking dictionary {u'name': u'youtube'}
[19:34:32]: Checking dictionary {u'type': u'python'}
[19:34:32]: Checking dictionary {u'require': [u'command']}
[19:34:32]: Checking dictionary {u'firstword': u'yes'}
[19:34:32]: Checking dictionary {u'pos': u'verb'}
[19:34:32]: Checking dictionary {u'file': u'youtube.py'}
[19:34:32]: Checking dictionary {u'function': u'main'}
[19:34:32]: Checking dictionary {u'returns': u'completion'}
[19:34:32]: Checking dictionary {u'synonyms': []}
[19:34:32]: Found synonyms dictionary
[19:34:32]: The command does not match the plugin name
[19:34:32]: Checking to see if word Who is a question word
[19:34:32]: Checking against question word Who
[19:34:32]: Question word Who found
[19:34:32]: Analyzing plugin {'autoremote': [{u'name': u'autoremote'}, {u'type': u'python'}, {u'file': u'autoremote.py'}, {u'function': u'main'}, {u'require': [u'command']}, {u'pos': u'verb'}, {u'returns': u'completion'}, {u'synonyms': []}, {u'questiontriggers': u'none'}, {u'firstword': u'no'}]}
[19:34:32]: Checking dictionary {u'name': u'autoremote'}
[19:34:32]: Checking dictionary {u'type': u'python'}
[19:34:32]: Checking dictionary {u'file': u'autoremote.py'}
[19:34:32]: Checking dictionary {u'function': u'main'}
[19:34:32]: Checking dictionary {u'require': [u'command']}
[19:34:32]: Checking dictionary {u'pos': u'verb'}
[19:34:32]: Checking dictionary {u'returns': u'completion'}
[19:34:32]: Checking dictionary {u'synonyms': []}
[19:34:32]: Checking dictionary {u'questiontriggers': u'none'}
[19:34:32]: Found questiontriggers dictionary
[19:34:32]: none
[19:34:32]: Analyzing plugin {'execute': [{u'name': u'execute'}, {u'type': u'exec'}, {u'require': [u'command']}, {u'pos': u'verb'}, {u'returns': u'completion'}, {u'synonyms': []}, {u'questiontriggers': u'none'}, {u'firstword': u'no'}, {u'structure': u'command'}]}
[19:34:32]: Checking dictionary {u'name': u'execute'}
[19:34:32]: Checking dictionary {u'type': u'exec'}
[19:34:33]: Checking dictionary {u'require': [u'command']}
[19:34:33]: Checking dictionary {u'pos': u'verb'}
[19:34:33]: Checking dictionary {u'returns': u'completion'}
[19:34:33]: Checking dictionary {u'synonyms': []}
[19:34:33]: Checking dictionary {u'questiontriggers': u'none'}
[19:34:33]: Found questiontriggers dictionary
[19:34:33]: none
[19:34:33]: Analyzing plugin {'open': [{u'name': u'open'}, {u'type': u'exec'}, {u'require': [u'command']}, {u'pos': u'verb'}, {u'returns': u'completion'}, {u'synonyms': []}, {u'questiontriggers': u'none'}, {u'firstword': u'no'}, {u'structure': u'xdg-open command'}]}
[19:34:33]: Checking dictionary {u'name': u'open'}
[19:34:33]: Checking dictionary {u'type': u'exec'}
[19:34:33]: Checking dictionary {u'require': [u'command']}
[19:34:33]: Checking dictionary {u'pos': u'verb'}
[19:34:33]: Checking dictionary {u'returns': u'completion'}
[19:34:33]: Checking dictionary {u'synonyms': []}
[19:34:33]: Checking dictionary {u'questiontriggers': u'none'}
[19:34:33]: Found questiontriggers dictionary
[19:34:33]: none
[19:34:33]: Analyzing plugin {'search': [{u'name': u'search'}, {u'type': u'python'}, {u'require': [u'command']}, {u'pos': u'verb'}, {u'file': u'search.py'}, {u'function': u'main'}, {u'returns': u'answer'}, {u'synonyms': [u'google']}, {u'questiontriggers': u'any'}, {u'firstword': u'yes'}]}
[19:34:33]: Checking dictionary {u'name': u'search'}
[19:34:33]: Checking dictionary {u'type': u'python'}
[19:34:33]: Checking dictionary {u'require': [u'command']}
[19:34:33]: Checking dictionary {u'pos': u'verb'}
[19:34:33]: Checking dictionary {u'file': u'search.py'}
[19:34:33]: Checking dictionary {u'function': u'main'}
[19:34:33]: Checking dictionary {u'returns': u'answer'}
[19:34:33]: Checking dictionary {u'synonyms': [u'google']}
[19:34:33]: Checking dictionary {u'questiontriggers': u'any'}
[19:34:33]: Found questiontriggers dictionary
[19:34:33]: any
[19:34:33]: Appending plugin {'search': [{u'name': u'search'}, {u'type': u'python'}, {u'require': [u'command']}, {u'pos': u'verb'}, {u'file': u'search.py'}, {u'function': u'main'}, {u'returns': u'answer'}, {u'synonyms': [u'google']}, {u'questiontriggers': u'any'}, {u'firstword': u'yes'}]} to questionplugs
[19:34:33]: Parsing possible plugins
[19:34:33]: Checking plugin search
[19:34:33]: Checking to see if the plugin is in the priority list
[19:34:33]: Item 1 in priority list is search
[19:34:33]: Plugin name and priority list item match
[19:34:33]: Going through list of prioritized plugins
[19:34:33]: [{'1': {'search': [{u'name': u'search'}, {u'type': u'python'}, {u'require': [u'command']}, {u'pos': u'verb'}, {u'file': u'search.py'}, {u'function': u'main'}, {u'returns': u'answer'}, {u'synonyms': [u'google']}, {u'questiontriggers': u'any'}, {u'firstword': u'yes'}]}}]
[19:34:33]: Looking at plugin {'1': {'search': [{u'name': u'search'}, {u'type': u'python'}, {u'require': [u'command']}, {u'pos': u'verb'}, {u'file': u'search.py'}, {u'function': u'main'}, {u'returns': u'answer'}, {u'synonyms': [u'google']}, {u'questiontriggers': u'any'}, {u'firstword': u'yes'}]}}
[19:34:33]: Plugin search has priority 1
[19:34:33]: Analyzed the last plugin
[19:34:33]: Highest priority was search
[19:34:33]: Parsed the command
[19:34:33]: Executing plugin search
[19:34:33]: Executing plugin {'search': [{u'name': u'search'}, {u'type': u'python'}, {u'require': [u'command']}, {u'pos': u'verb'}, {u'file': u'search.py'}, {u'function': u'main'}, {u'returns': u'answer'}, {u'synonyms': [u'google']}, {u'questiontriggers': u'any'}, {u'firstword': u'yes'}]}
[19:34:33]: Looking for type dictionary
[19:34:33]: Checking dictionary {u'name': u'search'}
[19:34:33]: Checking dictionary {u'type': u'python'}
[19:34:33]: Found dictionary type
[19:34:33]: Plugin type is python
[19:34:33]: Looking for firstword dictionary
[19:34:33]: Checking dictionary {u'name': u'search'}
[19:34:33]: Checking dictionary {u'type': u'python'}
[19:34:33]: Checking dictionary {u'require': [u'command']}
[19:34:33]: Checking dictionary {u'pos': u'verb'}
[19:34:33]: Checking dictionary {u'file': u'search.py'}
[19:34:33]: Checking dictionary {u'function': u'main'}
[19:34:33]: Checking dictionary {u'returns': u'answer'}
[19:34:33]: Checking dictionary {u'synonyms': [u'google']}
[19:34:33]: Checking dictionary {u'questiontriggers': u'any'}
[19:34:33]: Checking dictionary {u'firstword': u'yes'}
[19:34:33]: Found dictionary firstword
[19:34:33]: Checking to get the name of the python file
[19:34:33]: Looking for file dictionary
[19:34:33]: Checking dictionary {u'name': u'search'}
[19:34:33]: Checking dictionary {u'type': u'python'}
[19:34:33]: Checking dictionary {u'require': [u'command']}
[19:34:33]: Checking dictionary {u'pos': u'verb'}
[19:34:33]: Checking dictionary {u'file': u'search.py'}
[19:34:33]: Found dictionary file
[19:34:33]: Trying to import python file search.py
[19:34:33]: Import path is plugins/search/search.py
[19:34:33]: Imported python plugin
[19:34:33]: Looking for function dictionary
[19:34:33]: Checking dictionary {u'name': u'search'}
[19:34:33]: Checking dictionary {u'type': u'python'}
[19:34:33]: Checking dictionary {u'require': [u'command']}
[19:34:33]: Checking dictionary {u'pos': u'verb'}
[19:34:34]: Checking dictionary {u'file': u'search.py'}
[19:34:34]: Checking dictionary {u'function': u'main'}
[19:34:34]: Found dictionary function
[19:34:34]: Looking for require dictionary
[19:34:34]: Checking dictionary {u'name': u'search'}
[19:34:34]: Checking dictionary {u'type': u'python'}
[19:34:34]: Checking dictionary {u'require': [u'command']}
[19:34:34]: Found dictionary require
[19:34:34]: In main, query is:Who is hitler?
[19:34:34]: in wolfram search
[19:34:34]: Who is hitler?
[19:34:38]: Hit stop iteration, going into google search
[19:34:38]: In google search with query: Who is hitler?
[19:34:39]: wiki_bool is true
[19:34:39]: in skwiki
[19:34:39]: Adolf Hitler
[19:34:41]: result fetched
[19:34:41]: Adolf Hitler (German: [adlf htl]; 20 April 1889  30 April 1945) was an Austrian-born German politician who was the leader of the Nazi Party (NSDAP), Chancellor of Germany from 1933 to 1945, and Fhrer ("leader") of Nazi Germany from 1934 to 1945. He was effectively dictator of Nazi Germany, and was a central figure of World War II in Europe and the Holocaust.

[19:34:41]: Found answer Adolf Hitler (German: [adlf htl]; 20 April 1889  30 April 1945) was an Austrian-born German politician who was the leader of the Nazi Party (NSDAP), Chancellor of Germany from 1933 to 1945, and Fhrer ("leader") of Nazi Germany from 1934 to 1945. He was effectively dictator of Nazi Germany, and was a central figure of World War II in Europe and the Holocaust.
, returning it
